CRITICAL:__main__:Interrupted. Shutting down.
INFO:__main__:Starting main.
INFO:__main__:Configuration file loaded.
INFO:__main__:Bot created.
INFO:discord.client:logging in using static token
DEBUG:discord.http:GET https://discord.com/api/v10/users/@me with None has returned 200
DEBUG:discord.http:GET /users/@me has found its initial rate limit bucket hash (78bb8553d9352a5a2f89f9def401287a).
DEBUG:discord.http:GET https://discord.com/api/v10/users/@me has received {'id': '1183493252318511224', 'username': 'voiper', 'avatar': None, 'discriminator': '3081', 'public_flags': 0, 'premium_type': 0, 'flags': 0, 'bot': True, 'banner': None, 'accent_color': None, 'global_name': None, 'avatar_decoration_data': None, 'banner_color': None, 'mfa_enabled': False, 'locale': 'en-US', 'email': None, 'verified': True, 'bio': ''}
DEBUG:discord.http:GET https://discord.com/api/v10/oauth2/applications/@me with None has returned 200
DEBUG:discord.http:GET /oauth2/applications/@me has found its initial rate limit bucket hash (d28a133af187e91d71d96a223467ce49).
DEBUG:discord.http:GET https://discord.com/api/v10/oauth2/applications/@me has received {'id': '1183493252318511224', 'name': 'voiper', 'icon': None, 'description': '', 'type': None, 'bot': {'id': '1183493252318511224', 'username': 'voiper', 'avatar': None, 'discriminator': '3081', 'public_flags': 0, 'premium_type': 0, 'flags': 0, 'bot': True, 'banner': None, 'accent_color': None, 'global_name': None, 'avatar_decoration_data': None, 'banner_color': None}, 'summary': '', 'is_monetized': False, 'bot_public': True, 'bot_require_code_grant': False, 'verify_key': 'e7384af8a6c3e3864a2fc48662097c3d04cda12b7f4b921e13c7eaa6ccc6939f', 'flags': 8953856, 'hook': True, 'redirect_uris': [], 'interactions_endpoint_url': None, 'role_connections_verification_url': None, 'owner': {'id': '1077327893547471058', 'username': 'magnificentvoipbot', 'avatar': None, 'discriminator': '0', 'public_flags': 0, 'premium_type': 0, 'flags': 0, 'banner': None, 'accent_color': None, 'global_name': None, 'avatar_decoration_data': None, 'banner_color': None}, 'approximate_guild_count': 0, 'interactions_event_types': [], 'interactions_version': 1, 'explicit_content_filter': 0, 'rpc_application_state': 0, 'store_application_state': 1, 'verification_state': 1, 'integration_public': True, 'integration_require_code_grant': False, 'discoverability_state': 1, 'discovery_eligibility_flags': 448, 'monetization_state': 1, 'monetization_eligibility_flags': 181988, 'team': None, 'integration_types': [0], 'integration_types_config': {'0': {}}, 'internal_guild_restriction': 1}
DEBUG:discord.gateway:Created websocket connected to wss://gateway.discord.gg/
DEBUG:discord.gateway:For Shard ID None: WebSocket Event: {'t': None, 's': None, 'op': 10, 'd': {'heartbeat_interval': 41250, '_trace': ['["gateway-prd-us-east1-d-93xl",{"micros":0.0}]']}}
DEBUG:discord.gateway:Shard ID None has sent the IDENTIFY payload.
DEBUG:discord.gateway:For Shard ID None: WebSocket Event: {'t': None, 's': None, 'op': 11, 'd': None}
DEBUG:discord.gateway:For Shard ID None: WebSocket Event: {'t': 'READY', 's': 1, 'op': 0, 'd': {'v': 10, 'user_settings': {}, 'user': {'verified': True, 'username': 'voiper', 'mfa_enabled': False, 'id': '1183493252318511224', 'global_name': None, 'flags': 0, 'email': None, 'discriminator': '3081', 'bot': True, 'avatar': None}, 'session_type': 'normal', 'session_id': '6d0801143b8fb5dbeb751e170444018b', 'resume_gateway_url': 'wss://gateway-us-east1-d.discord.gg', 'relationships': [], 'private_channels': [], 'presences': [], 'guilds': [], 'guild_join_requests': [], 'geo_ordered_rtc_regions': ['tel-aviv', 'bucharest', 'dubai', 'russia', 'milan'], 'auth': {}, 'application': {'id': '1183493252318511224', 'flags': 42508288}, '_trace': ['["gateway-prd-us-east1-d-93xl",{"micros":107984,"calls":["id_created",{"micros":897,"calls":[]},"session_lookup_time",{"micros":345,"calls":[]},"session_lookup_finished",{"micros":13,"calls":[]},"discord-sessions-prd-2-171",{"micros":102266,"calls":["start_session",{"micros":59816,"calls":["discord-api-58bdb587f8-m77ft",{"micros":55976,"calls":["get_user",{"micros":8909},"get_guilds",{"micros":8179},"send_scheduled_deletion_message",{"micros":7},"guild_join_requests",{"micros":1},"authorized_ip_coro",{"micros":9}]}]},"starting_guild_connect",{"micros":55,"calls":[]},"presence_started",{"micros":2835,"calls":[]},"guilds_started",{"micros":2,"calls":[]},"guilds_connect",{"micros":1,"calls":[]},"presence_connect",{"micros":39530,"calls":[]},"connect_finished",{"micros":39534,"calls":[]},"build_ready",{"micros":14,"calls":[]},"clean_ready",{"micros":1,"calls":[]},"optimize_ready",{"micros":3,"calls":[]},"split_ready",{"micros":1,"calls":[]}]}]}]']}}
DEBUG:discord.client:Dispatching event socket_event_type
INFO:discord.gateway:Shard ID None has connected to Gateway (Session ID: 6d0801143b8fb5dbeb751e170444018b).
DEBUG:discord.client:Dispatching event connect
DEBUG:discord.client:Dispatching event ready
INFO:discord_music_bot.bot:Bot ready!
INFO:discord_music_bot.music_cog:loaded Music cog
DEBUG:discord.gateway:Keeping shard ID None websocket alive with sequence 1.
DEBUG:discord.gateway:For Shard ID None: WebSocket Event: {'t': None, 's': None, 'op': 11, 'd': None}
CRITICAL:__main__:Interrupted. Shutting down.
